2024-04-05T05:09:15+00:00 INFO Execute one_cc_plugin_sync_cron successful
2024-04-05T05:09:16+00:00 ERROR Authentication failed
2024-04-05T05:09:17+00:00 ERROR Authentication failed
2024-04-05T05:09:18+00:00 ERROR Authentication failed
2024-04-05T05:11:25+00:00 ERROR Authentication failed
2024-04-05T05:11:26+00:00 ERROR Authentication failed
2024-04-05T05:11:29+00:00 ERROR Authentication failed
2024-04-05T05:11:34+00:00 ERROR Authentication failed
2024-04-05T05:13:39+00:00 INFO Trying to create one_cc_address_sync_cron
2024-04-05T05:13:39+00:00 INFO Failed to create one_cc_address_sync_cron as invalid one cc merchant
2024-04-05T05:13:39+00:00 INFO Attempting to delete one_cc_address_sync_cron, status: cancelled, message: invalid_1cc_merchant
2024-04-05T05:13:39+00:00 INFO Deleted one_cc_address_sync_cron  if exists
2024-04-05T05:13:39+00:00 INFO updateAddressSyncCronData: status=cancelled, message=invalid_1cc_merchant, cronStatus=deleted
2024-04-05T05:13:39+00:00 INFO create one_cc_plugin_sync_cron successful
2024-04-05T05:13:41+00:00 INFO Trying to create one_cc_address_sync_cron
2024-04-05T05:13:41+00:00 INFO Failed to create one_cc_address_sync_cron as invalid one cc merchant
2024-04-05T05:13:41+00:00 INFO Attempting to delete one_cc_address_sync_cron, status: cancelled, message: invalid_1cc_merchant
2024-04-05T05:13:41+00:00 INFO Deleted one_cc_address_sync_cron  if exists
2024-04-05T05:13:41+00:00 INFO updateAddressSyncCronData: status=cancelled, message=invalid_1cc_merchant, cronStatus=deleted
2024-04-05T05:13:41+00:00 INFO create one_cc_plugin_sync_cron successful
2024-04-05T05:13:47+00:00 ERROR Authentication failed
2024-04-05T05:17:26+00:00 ERROR Authentication failed
2024-04-05T05:17:31+00:00 ERROR Authentication failed
2024-04-05T05:17:52+00:00 ERROR Authentication failed
2024-04-05T05:17:54+00:00 ERROR Authentication failed
2024-04-05T05:17:59+00:00 ERROR Authentication failed
2024-04-05T05:18:02+00:00 ERROR Authentication failed
2024-04-05T05:18:08+00:00 ERROR Authentication failed
2024-04-05T05:18:10+00:00 ERROR Authentication failed
2024-04-05T05:18:13+00:00 ERROR Authentication failed
2024-04-05T05:18:15+00:00 ERROR Authentication failed
2024-04-05T05:18:27+00:00 ERROR Authentication failed
2024-04-05T05:18:29+00:00 ERROR Authentication failed
2024-04-05T05:18:49+00:00 ERROR Authentication failed
2024-04-05T05:18:51+00:00 ERROR Authentication failed
2024-04-05T05:18:55+00:00 ERROR Authentication failed
2024-04-05T05:18:58+00:00 ERROR Authentication failed
2024-04-05T05:19:21+00:00 ERROR Authentication failed
2024-04-05T05:19:25+00:00 ERROR Authentication failed
2024-04-05T05:19:48+00:00 INFO Trying to create one_cc_address_sync_cron
2024-04-05T05:19:48+00:00 INFO Failed to create one_cc_address_sync_cron as invalid one cc merchant
2024-04-05T05:19:48+00:00 INFO Attempting to delete one_cc_address_sync_cron, status: cancelled, message: invalid_1cc_merchant
2024-04-05T05:19:48+00:00 INFO Deleted one_cc_address_sync_cron  if exists
2024-04-05T05:19:48+00:00 INFO updateAddressSyncCronData: status=cancelled, message=invalid_1cc_merchant, cronStatus=deleted
2024-04-05T05:19:48+00:00 INFO create one_cc_plugin_sync_cron successful
2024-04-05T05:19:56+00:00 ERROR Authentication failed
2024-04-05T05:20:34+00:00 ERROR Authentication failed
2024-04-05T05:48:41+00:00 INFO Trying to create one_cc_address_sync_cron
2024-04-05T05:48:41+00:00 INFO Failed to create one_cc_address_sync_cron as invalid one cc merchant
2024-04-05T05:48:41+00:00 INFO Attempting to delete one_cc_address_sync_cron, status: cancelled, message: invalid_1cc_merchant
2024-04-05T05:48:41+00:00 INFO Deleted one_cc_address_sync_cron  if exists
2024-04-05T05:48:41+00:00 INFO updateAddressSyncCronData: status=cancelled, message=invalid_1cc_merchant, cronStatus=deleted
2024-04-05T05:48:41+00:00 INFO create one_cc_plugin_sync_cron successful
2024-04-05T05:48:44+00:00 INFO Trying to create one_cc_address_sync_cron
2024-04-05T05:48:44+00:00 INFO Failed to create one_cc_address_sync_cron as invalid one cc merchant
2024-04-05T05:48:44+00:00 INFO Attempting to delete one_cc_address_sync_cron, status: cancelled, message: invalid_1cc_merchant
2024-04-05T05:48:44+00:00 INFO Deleted one_cc_address_sync_cron  if exists
2024-04-05T05:48:44+00:00 INFO updateAddressSyncCronData: status=cancelled, message=invalid_1cc_merchant, cronStatus=deleted
2024-04-05T05:48:44+00:00 INFO create one_cc_plugin_sync_cron successful
2024-04-05T05:48:49+00:00 ERROR Authentication failed
2024-04-05T05:48:54+00:00 ERROR Authentication failed
2024-04-05T05:48:58+00:00 ERROR Authentication failed
2024-04-05T05:48:59+00:00 ERROR Authentication failed
2024-04-05T05:49:02+00:00 ERROR Authentication failed
2024-04-05T05:49:07+00:00 ERROR Authentication failed
2024-04-05T05:49:10+00:00 ERROR Authentication failed
2024-04-05T05:49:15+00:00 ERROR Authentication failed
2024-04-05T05:49:31+00:00 ERROR Authentication failed
2024-04-05T05:49:35+00:00 ERROR Authentication failed
2024-04-05T05:49:47+00:00 ERROR Authentication failed
2024-04-05T05:49:50+00:00 ERROR Authentication failed
