2024-04-04T12:13:45+00:00 ERROR Key Id and Key Secret are required.
2024-04-04T12:13:45+00:00 INFO Trying to create one_cc_address_sync_cron
2024-04-04T12:13:45+00:00 INFO Failed to create one_cc_address_sync_cron as invalid one cc merchant
2024-04-04T12:13:45+00:00 INFO Attempting to delete one_cc_address_sync_cron, status: cancelled, message: invalid_1cc_merchant
2024-04-04T12:13:45+00:00 INFO Deleted one_cc_address_sync_cron  if exists
2024-04-04T12:13:45+00:00 INFO updateAddressSyncCronData: status=cancelled, message=invalid_1cc_merchant, cronStatus=deleted
2024-04-04T12:13:45+00:00 INFO updateAddressSyncCronData:530 - Updating option: ONE_CC_ADDRESS_SYNC_CRON_HOOK
2024-04-04T12:13:45+00:00 INFO updateAddressSyncCronData:532 -  Successfully Updated Option: ONE_CC_ADDRESS_SYNC_CRON_HOOK
2024-04-04T12:13:45+00:00 INFO create one_cc_plugin_sync_cron successful
2024-04-04T12:13:46+00:00 ERROR Authentication failed
2024-04-04T12:13:49+00:00 ERROR Authentication failed
2024-04-04T12:13:51+00:00 ERROR Key Id and Key Secret are required.
2024-04-04T12:13:51+00:00 INFO Trying to create one_cc_address_sync_cron
2024-04-04T12:13:51+00:00 INFO Failed to create one_cc_address_sync_cron as invalid one cc merchant
2024-04-04T12:13:51+00:00 INFO Attempting to delete one_cc_address_sync_cron, status: cancelled, message: invalid_1cc_merchant
2024-04-04T12:13:51+00:00 INFO Deleted one_cc_address_sync_cron  if exists
2024-04-04T12:13:51+00:00 INFO updateAddressSyncCronData: status=cancelled, message=invalid_1cc_merchant, cronStatus=deleted
2024-04-04T12:13:51+00:00 INFO create one_cc_plugin_sync_cron successful
2024-04-04T12:13:52+00:00 ERROR Authentication failed
2024-04-04T12:13:52+00:00 ERROR Authentication failed
2024-04-04T12:13:54+00:00 ERROR Key Id and Key Secret are required.
2024-04-04T12:13:54+00:00 INFO Trying to create one_cc_address_sync_cron
2024-04-04T12:13:54+00:00 INFO Failed to create one_cc_address_sync_cron as invalid one cc merchant
2024-04-04T12:13:54+00:00 INFO Attempting to delete one_cc_address_sync_cron, status: cancelled, message: invalid_1cc_merchant
2024-04-04T12:13:54+00:00 INFO Deleted one_cc_address_sync_cron  if exists
2024-04-04T12:13:54+00:00 INFO updateAddressSyncCronData: status=cancelled, message=invalid_1cc_merchant, cronStatus=deleted
2024-04-04T12:13:54+00:00 INFO create one_cc_plugin_sync_cron successful
2024-04-04T12:13:54+00:00 ERROR Authentication failed
2024-04-04T12:13:55+00:00 ERROR Authentication failed
2024-04-04T12:13:57+00:00 ERROR Authentication failed
2024-04-04T12:14:04+00:00 ERROR Authentication failed
2024-04-04T12:14:07+00:00 ERROR Authentication failed
2024-04-04T12:14:44+00:00 ERROR Authentication failed
2024-04-04T12:14:46+00:00 ERROR Authentication failed
2024-04-04T12:15:47+00:00 ERROR Authentication failed
2024-04-04T12:15:49+00:00 ERROR Authentication failed
2024-04-04T12:16:05+00:00 ERROR Authentication failed
2024-04-04T12:18:34+00:00 ERROR Authentication failed
2024-04-04T12:18:38+00:00 ERROR Authentication failed
2024-04-04T12:19:14+00:00 ERROR Authentication failed
2024-04-04T12:19:16+00:00 ERROR Authentication failed
2024-04-04T12:19:19+00:00 ERROR Authentication failed
2024-04-04T12:19:22+00:00 ERROR Authentication failed
2024-04-04T12:19:32+00:00 ERROR Authentication failed
2024-04-04T12:19:39+00:00 ERROR Authentication failed
2024-04-04T12:19:57+00:00 ERROR Authentication failed
2024-04-04T12:20:16+00:00 ERROR Authentication failed
2024-04-04T12:20:19+00:00 ERROR Authentication failed
2024-04-04T12:20:37+00:00 ERROR Authentication failed
2024-04-04T12:22:14+00:00 ERROR Authentication failed
2024-04-04T12:22:17+00:00 ERROR Authentication failed
2024-04-04T12:22:31+00:00 ERROR Authentication failed
2024-04-04T12:22:33+00:00 ERROR Authentication failed
2024-04-04T12:22:40+00:00 ERROR Authentication failed
2024-04-04T12:22:42+00:00 ERROR Authentication failed
2024-04-04T12:22:46+00:00 ERROR Authentication failed
2024-04-04T12:22:48+00:00 ERROR Authentication failed
2024-04-04T12:22:52+00:00 ERROR Authentication failed
2024-04-04T12:23:03+00:00 ERROR Authentication failed
2024-04-04T12:23:05+00:00 ERROR Authentication failed
2024-04-04T12:23:07+00:00 ERROR Authentication failed
2024-04-04T12:23:15+00:00 ERROR Authentication failed
2024-04-04T12:23:18+00:00 ERROR Authentication failed
2024-04-04T12:23:36+00:00 ERROR Authentication failed
2024-04-04T12:23:40+00:00 ERROR Authentication failed
2024-04-04T12:23:46+00:00 ERROR Authentication failed
2024-04-04T12:23:49+00:00 ERROR Authentication failed
2024-04-04T12:23:53+00:00 ERROR Authentication failed
2024-04-04T12:23:57+00:00 ERROR Authentication failed
2024-04-04T12:24:03+00:00 ERROR Authentication failed
2024-04-04T12:24:05+00:00 ERROR Authentication failed
2024-04-04T12:24:08+00:00 ERROR Authentication failed
2024-04-04T12:24:11+00:00 ERROR Authentication failed
2024-04-04T12:24:19+00:00 INFO Trying to create one_cc_address_sync_cron
2024-04-04T12:24:19+00:00 INFO Failed to create one_cc_address_sync_cron as invalid one cc merchant
2024-04-04T12:24:19+00:00 INFO Attempting to delete one_cc_address_sync_cron, status: cancelled, message: invalid_1cc_merchant
2024-04-04T12:24:19+00:00 INFO Deleted one_cc_address_sync_cron  if exists
2024-04-04T12:24:19+00:00 INFO updateAddressSyncCronData: status=cancelled, message=invalid_1cc_merchant, cronStatus=deleted
2024-04-04T12:24:19+00:00 INFO create one_cc_plugin_sync_cron successful
2024-04-04T12:24:23+00:00 INFO Trying to create one_cc_address_sync_cron
2024-04-04T12:24:23+00:00 INFO Failed to create one_cc_address_sync_cron as invalid one cc merchant
2024-04-04T12:24:23+00:00 INFO Attempting to delete one_cc_address_sync_cron, status: cancelled, message: invalid_1cc_merchant
2024-04-04T12:24:23+00:00 INFO Deleted one_cc_address_sync_cron  if exists
2024-04-04T12:24:23+00:00 INFO updateAddressSyncCronData: status=cancelled, message=invalid_1cc_merchant, cronStatus=deleted
2024-04-04T12:24:23+00:00 INFO create one_cc_plugin_sync_cron successful
2024-04-04T12:24:30+00:00 INFO Trying to create one_cc_address_sync_cron
2024-04-04T12:24:30+00:00 INFO Failed to create one_cc_address_sync_cron as invalid one cc merchant
2024-04-04T12:24:30+00:00 INFO Attempting to delete one_cc_address_sync_cron, status: cancelled, message: invalid_1cc_merchant
2024-04-04T12:24:30+00:00 INFO Deleted one_cc_address_sync_cron  if exists
2024-04-04T12:24:30+00:00 INFO updateAddressSyncCronData: status=cancelled, message=invalid_1cc_merchant, cronStatus=deleted
2024-04-04T12:24:30+00:00 INFO create one_cc_plugin_sync_cron successful
2024-04-04T12:24:40+00:00 ERROR Authentication failed
2024-04-04T12:24:43+00:00 ERROR Authentication failed
2024-04-04T12:24:46+00:00 ERROR Authentication failed
2024-04-04T12:25:07+00:00 ERROR Authentication failed
2024-04-04T12:25:09+00:00 ERROR Authentication failed
2024-04-04T12:25:11+00:00 ERROR Authentication failed
2024-04-04T12:27:37+00:00 ERROR Authentication failed
2024-04-04T12:28:48+00:00 ERROR Authentication failed
2024-04-04T12:30:40+00:00 ERROR Authentication failed
2024-04-04T12:30:48+00:00 ERROR Authentication failed
2024-04-04T12:31:01+00:00 ERROR Authentication failed
2024-04-04T12:31:07+00:00 ERROR Authentication failed
2024-04-04T12:31:40+00:00 ERROR Authentication failed
2024-04-04T12:32:23+00:00 ERROR Authentication failed
2024-04-04T12:33:01+00:00 ERROR Authentication failed
2024-04-04T12:33:16+00:00 ERROR Authentication failed
2024-04-04T12:33:28+00:00 ERROR Authentication failed
2024-04-04T12:33:31+00:00 ERROR Authentication failed
2024-04-04T12:33:35+00:00 ERROR Authentication failed
2024-04-04T12:33:38+00:00 ERROR Authentication failed
2024-04-04T12:34:57+00:00 ERROR Authentication failed
2024-04-04T12:35:00+00:00 ERROR Authentication failed
2024-04-04T12:48:21+00:00 ERROR Authentication failed
2024-04-04T12:49:48+00:00 ERROR Authentication failed
2024-04-04T12:49:50+00:00 ERROR Authentication failed
2024-04-04T12:49:53+00:00 ERROR Authentication failed
2024-04-04T12:49:53+00:00 ERROR Authentication failed
2024-04-04T12:49:54+00:00 ERROR Authentication failed
2024-04-04T12:49:54+00:00 ERROR Authentication failed
2024-04-04T12:49:55+00:00 ERROR Authentication failed
2024-04-04T12:49:56+00:00 ERROR Authentication failed
2024-04-04T12:51:31+00:00 ERROR Authentication failed
2024-04-04T12:51:34+00:00 ERROR Authentication failed
2024-04-04T12:51:42+00:00 ERROR Authentication failed
2024-04-04T12:52:12+00:00 ERROR Authentication failed
2024-04-04T12:52:32+00:00 ERROR Authentication failed
